<?xml version="1.0" encoding="UTF-8"?>
<!-- Generated by org.testng.reporters.JUnitXMLReporter -->
<testsuite ignored="0" hostname="Abhishek" failures="0" tests="3" name="Test" time="37.486" errors="0" timestamp="28 Feb 2022 19:00:15 GMT">
  <testcase classname="com.php.qa.testcases.Scenario_4_5_6_Test" name="countSearchResult" time="11.014"/>
  <testcase classname="com.php.qa.testcases.Scenario_4_5_6_Test" name="sortHotelNameWithResult" time="1.869"/>
  <testcase classname="com.php.qa.testcases.Scenario_4_5_6_Test" name="sliderFunctionality" time="17.177"/>
</testsuite> <!-- Test -->
