<?xml version="1.0" encoding="UTF-8"?>
<testng-results ignored="0" total="3" passed="3" failed="0" skipped="0">
  <reporter-output>
  </reporter-output>
  <suite started-at="2022-02-28T18:59:37Z" name="Suite" finished-at="2022-02-28T19:00:14Z" duration-ms="37486">
    <groups>
    </groups>
    <test started-at="2022-02-28T18:59:37Z" name="Test" finished-at="2022-02-28T19:00:14Z" duration-ms="37486">
      <class name="com.php.qa.testcases.Scenario_4_5_6_Test">
        <test-method is-config="true" signature="setUp()[pri:0, instance:com.php.qa.testcases.Scenario_4_5_6_Test@7d8704ef]" started-at="2022-03-01T00:29:37Z" name="setUp" finished-at="2022-03-01T00:29:44Z" duration-ms="7048" status="PASS">
          <reporter-output>
          </reporter-output>
        </test-method> <!-- setUp -->
        <test-method signature="countSearchResult()[pri:0, instance:com.php.qa.testcases.Scenario_4_5_6_Test@7d8704ef]" started-at="2022-03-01T00:29:44Z" name="countSearchResult" finished-at="2022-03-01T00:29:55Z" duration-ms="11014" status="PASS">
          <reporter-output>
          </reporter-output>
        </test-method> <!-- countSearchResult -->
        <test-method signature="sortHotelNameWithResult()[pri:1, instance:com.php.qa.testcases.Scenario_4_5_6_Test@7d8704ef]" started-at="2022-03-01T00:29:55Z" name="sortHotelNameWithResult" finished-at="2022-03-01T00:29:57Z" duration-ms="1869" status="PASS">
          <reporter-output>
          </reporter-output>
        </test-method> <!-- sortHotelNameWithResult -->
        <test-method signature="sliderFunctionality()[pri:2, instance:com.php.qa.testcases.Scenario_4_5_6_Test@7d8704ef]" started-at="2022-03-01T00:29:57Z" name="sliderFunctionality" finished-at="2022-03-01T00:30:14Z" duration-ms="17177" status="PASS">
          <reporter-output>
          </reporter-output>
        </test-method> <!-- sliderFunctionality -->
        <test-method is-config="true" signature="tearDown()[pri:0, instance:com.php.qa.testcases.Scenario_4_5_6_Test@7d8704ef]" started-at="2022-03-01T00:30:14Z" name="tearDown" finished-at="2022-03-01T00:30:14Z" duration-ms="312" status="PASS">
          <reporter-output>
          </reporter-output>
        </test-method> <!-- tearDown -->
      </class> <!-- com.php.qa.testcases.Scenario_4_5_6_Test -->
    </test> <!-- Test -->
  </suite> <!-- Suite -->
</testng-results>
