<?xml version="1.0" encoding="UTF-8"?>
<!-- Generated by org.testng.reporters.JUnitXMLReporter -->
<testsuite ignored="0" hostname="Abhishek" failures="0" tests="4" name="Default test" time="45.93" errors="0" timestamp="01 Mar 2022 04:48:18 GMT">
  <testcase classname="com.php.qa.testcases.ValidatePHPTravelTest" name="countSearchResult" time="11.657"/>
  <testcase classname="com.php.qa.testcases.ValidatePHPTravelTest" name="sortHotelNameWithResult" time="1.663"/>
  <testcase classname="com.php.qa.testcases.ValidatePHPTravelTest" name="sliderFunctionality" time="17.221"/>
  <testcase classname="com.php.qa.testcases.ValidatePHPTravelTest" name="validate4StarHotel" time="6.82"/>
</testsuite> <!-- Default test -->
